c:\users\inputwindy\desktop\再重构引擎\mwdengine\mwdsystem\x64\debug\mwdsystem.pch
c:\users\inputwindy\desktop\再重构引擎\mwdengine\mwdsystem\x64\debug\vc142.pdb
c:\users\inputwindy\desktop\再重构引擎\mwdengine\mwdsystem\x64\debug\vc142.idb
c:\users\inputwindy\desktop\再重构引擎\mwdengine\mwdsystem\x64\debug\pch.obj
c:\users\inputwindy\desktop\再重构引擎\mwdengine\mwdsystem\x64\debug\mwdthread.obj
c:\users\inputwindy\desktop\再重构引擎\mwdengine\mwdsystem\x64\debug\mwdsystem.obj
c:\users\inputwindy\desktop\再重构引擎\mwdengine\mwdsystem\x64\debug\mwdsynchronize.obj
c:\users\inputwindy\desktop\再重构引擎\mwdengine\mwdsystem\x64\debug\mwdmemmanager.obj
c:\users\inputwindy\desktop\再重构引擎\mwdengine\mwdsystem\x64\debug\mwdlog.obj
c:\users\inputwindy\desktop\再重构引擎\mwdengine\mwdsystem\x64\debug\mwdimage.obj
c:\users\inputwindy\desktop\再重构引擎\mwdengine\mwdsystem\x64\debug\mwdfile.obj
c:\users\inputwindy\desktop\再重构引擎\mwdengine\mwdsystem\x64\debug\dllmain.obj
c:\users\inputwindy\desktop\再重构引擎\mwdengine\x64\debug\mwdsystem.dll
c:\users\inputwindy\desktop\再重构引擎\mwdengine\mwdsystem\x64\debug\mwdsystem.ilk
c:\users\inputwindy\desktop\再重构引擎\mwdengine\x64\debug\mwdsystem.pdb
c:\users\inputwindy\desktop\再重构引擎\mwdengine\x64\debug\mwdsystem.lib
c:\users\inputwindy\desktop\再重构引擎\mwdengine\x64\debug\mwdsystem.exp
c:\users\inputwindy\desktop\再重构引擎\mwdengine\mwdsystem\x64\debug\mwdsystem.tlog\cl.command.1.tlog
c:\users\inputwindy\desktop\再重构引擎\mwdengine\mwdsystem\x64\debug\mwdsystem.tlog\cl.read.1.tlog
c:\users\inputwindy\desktop\再重构引擎\mwdengine\mwdsystem\x64\debug\mwdsystem.tlog\cl.write.1.tlog
c:\users\inputwindy\desktop\再重构引擎\mwdengine\mwdsystem\x64\debug\mwdsystem.tlog\link.10092.delete.1.tlog
c:\users\inputwindy\desktop\再重构引擎\mwdengine\mwdsystem\x64\debug\mwdsystem.tlog\link.command.1.tlog
c:\users\inputwindy\desktop\再重构引擎\mwdengine\mwdsystem\x64\debug\mwdsystem.tlog\link.read.1.tlog
c:\users\inputwindy\desktop\再重构引擎\mwdengine\mwdsystem\x64\debug\mwdsystem.tlog\link.write.1.tlog
c:\users\inputwindy\desktop\再重构引擎\mwdengine\mwdsystem\x64\debug\mwdsystem.tlog\mwdsystem.write.1u.tlog
