  pch.cpp
  dllmain.cpp
  MWDArray.cpp
C:\Users\InputWindy\Desktop\MWDEngine_Rebuild\MWDSystem\MWDSystem.h(39,1): warning C4067: 预处理器指令后有意外标记 - 应输入换行符
C:\Users\InputWindy\Desktop\MWDEngine_Rebuild\MWDSystem\MWDMemManager.h(220,1): warning C4311: “类型强制转换”: 从“MWDEngine::MWDHeapMemManager::FMem *”到“INT”的指针截断
C:\Users\InputWindy\Desktop\MWDEngine_Rebuild\MWDSystem\MWDMemManager.h(220,1): warning C4302: “类型强制转换”: 从“MWDEngine::MWDHeapMemManager::FMem *”到“INT”截断
C:\Users\InputWindy\Desktop\MWDEngine_Rebuild\MWDSystem\MWDMemManager.h(220,1): warning C4312: “类型强制转换”: 从“unsigned int”转换到更大的“MWDEngine::MWDHeapMemManager::FPool *”
C:\Users\InputWindy\Desktop\MWDEngine_Rebuild\MWDSystem\MWDMemManager.h(290,1): warning C4311: “类型强制转换”: 从“void *”到“INT”的指针截断
C:\Users\InputWindy\Desktop\MWDEngine_Rebuild\MWDSystem\MWDMemManager.h(290,1): warning C4302: “类型强制转换”: 从“void *”到“INT”截断
C:\Users\InputWindy\Desktop\MWDEngine_Rebuild\MWDSystem\MWDMemManager.h(290,1): warning C4312: “类型强制转换”: 从“unsigned int”转换到更大的“MWDEngine::MWDHeapMemManager::FPool *”
C:\Users\InputWindy\Desktop\MWDEngine_Rebuild\MWDSystem\MWDMemManager.h(326,1): warning C4311: “类型强制转换”: 从“BYTE *”到“unsigned int”的指针截断
C:\Users\InputWindy\Desktop\MWDEngine_Rebuild\MWDSystem\MWDMemManager.h(326,1): warning C4302: “类型强制转换”: 从“BYTE *”到“unsigned int”截断
C:\Users\InputWindy\Desktop\MWDEngine_Rebuild\MWDSystem\MWDMemManager.h(326,1): warning C4312: “类型强制转换”: 从“unsigned int”转换到更大的“BYTE *”
C:\Users\InputWindy\Desktop\MWDEngine_Rebuild\MWDSystem\MWDMemManager.h(338,1): warning C4311: “类型强制转换”: 从“BYTE *”到“unsigned int”的指针截断
C:\Users\InputWindy\Desktop\MWDEngine_Rebuild\MWDSystem\MWDMemManager.h(338,1): warning C4302: “类型强制转换”: 从“BYTE *”到“unsigned int”截断
C:\Users\InputWindy\Desktop\MWDEngine_Rebuild\MWDSystem\MWDMemManager.h(338,1): warning C4312: “类型强制转换”: 从“unsigned int”转换到更大的“BYTE *”
C:\Users\InputWindy\Desktop\MWDEngine_Rebuild\MWDDataStruct\MWDContainer.h(5,1): warning C4005: “MWDDATASTRUCT_EXPORTS”: 宏重定义
C:\Users\InputWindy\Desktop\MWDEngine_Rebuild\MWDDataStruct\pch.cpp : message : 参见“MWDDATASTRUCT_EXPORTS”的前一个定义
  MWDBitArray.cpp
C:\Users\InputWindy\Desktop\MWDEngine_Rebuild\MWDSystem\MWDSystem.h(39,1): warning C4067: 预处理器指令后有意外标记 - 应输入换行符
C:\Users\InputWindy\Desktop\MWDEngine_Rebuild\MWDSystem\MWDMemManager.h(220,1): warning C4311: “类型强制转换”: 从“MWDEngine::MWDHeapMemManager::FMem *”到“INT”的指针截断
C:\Users\InputWindy\Desktop\MWDEngine_Rebuild\MWDSystem\MWDMemManager.h(220,1): warning C4302: “类型强制转换”: 从“MWDEngine::MWDHeapMemManager::FMem *”到“INT”截断
C:\Users\InputWindy\Desktop\MWDEngine_Rebuild\MWDSystem\MWDMemManager.h(220,1): warning C4312: “类型强制转换”: 从“unsigned int”转换到更大的“MWDEngine::MWDHeapMemManager::FPool *”
C:\Users\InputWindy\Desktop\MWDEngine_Rebuild\MWDSystem\MWDMemManager.h(290,1): warning C4311: “类型强制转换”: 从“void *”到“INT”的指针截断
C:\Users\InputWindy\Desktop\MWDEngine_Rebuild\MWDSystem\MWDMemManager.h(290,1): warning C4302: “类型强制转换”: 从“void *”到“INT”截断
C:\Users\InputWindy\Desktop\MWDEngine_Rebuild\MWDSystem\MWDMemManager.h(290,1): warning C4312: “类型强制转换”: 从“unsigned int”转换到更大的“MWDEngine::MWDHeapMemManager::FPool *”
C:\Users\InputWindy\Desktop\MWDEngine_Rebuild\MWDSystem\MWDMemManager.h(326,1): warning C4311: “类型强制转换”: 从“BYTE *”到“unsigned int”的指针截断
C:\Users\InputWindy\Desktop\MWDEngine_Rebuild\MWDSystem\MWDMemManager.h(326,1): warning C4302: “类型强制转换”: 从“BYTE *”到“unsigned int”截断
C:\Users\InputWindy\Desktop\MWDEngine_Rebuild\MWDSystem\MWDMemManager.h(326,1): warning C4312: “类型强制转换”: 从“unsigned int”转换到更大的“BYTE *”
C:\Users\InputWindy\Desktop\MWDEngine_Rebuild\MWDSystem\MWDMemManager.h(338,1): warning C4311: “类型强制转换”: 从“BYTE *”到“unsigned int”的指针截断
C:\Users\InputWindy\Desktop\MWDEngine_Rebuild\MWDSystem\MWDMemManager.h(338,1): warning C4302: “类型强制转换”: 从“BYTE *”到“unsigned int”截断
C:\Users\InputWindy\Desktop\MWDEngine_Rebuild\MWDSystem\MWDMemManager.h(338,1): warning C4312: “类型强制转换”: 从“unsigned int”转换到更大的“BYTE *”
C:\Users\InputWindy\Desktop\MWDEngine_Rebuild\MWDDataStruct\MWDContainer.h(5,1): warning C4005: “MWDDATASTRUCT_EXPORTS”: 宏重定义
C:\Users\InputWindy\Desktop\MWDEngine_Rebuild\MWDDataStruct\pch.cpp : message : 参见“MWDDATASTRUCT_EXPORTS”的前一个定义
  MWDContainer.cpp
C:\Users\InputWindy\Desktop\MWDEngine_Rebuild\MWDSystem\MWDSystem.h(39,1): warning C4067: 预处理器指令后有意外标记 - 应输入换行符
C:\Users\InputWindy\Desktop\MWDEngine_Rebuild\MWDSystem\MWDMemManager.h(220,1): warning C4311: “类型强制转换”: 从“MWDEngine::MWDHeapMemManager::FMem *”到“INT”的指针截断
C:\Users\InputWindy\Desktop\MWDEngine_Rebuild\MWDSystem\MWDMemManager.h(220,1): warning C4302: “类型强制转换”: 从“MWDEngine::MWDHeapMemManager::FMem *”到“INT”截断
C:\Users\InputWindy\Desktop\MWDEngine_Rebuild\MWDSystem\MWDMemManager.h(220,1): warning C4312: “类型强制转换”: 从“unsigned int”转换到更大的“MWDEngine::MWDHeapMemManager::FPool *”
C:\Users\InputWindy\Desktop\MWDEngine_Rebuild\MWDSystem\MWDMemManager.h(290,1): warning C4311: “类型强制转换”: 从“void *”到“INT”的指针截断
C:\Users\InputWindy\Desktop\MWDEngine_Rebuild\MWDSystem\MWDMemManager.h(290,1): warning C4302: “类型强制转换”: 从“void *”到“INT”截断
C:\Users\InputWindy\Desktop\MWDEngine_Rebuild\MWDSystem\MWDMemManager.h(290,1): warning C4312: “类型强制转换”: 从“unsigned int”转换到更大的“MWDEngine::MWDHeapMemManager::FPool *”
C:\Users\InputWindy\Desktop\MWDEngine_Rebuild\MWDSystem\MWDMemManager.h(326,1): warning C4311: “类型强制转换”: 从“BYTE *”到“unsigned int”的指针截断
C:\Users\InputWindy\Desktop\MWDEngine_Rebuild\MWDSystem\MWDMemManager.h(326,1): warning C4302: “类型强制转换”: 从“BYTE *”到“unsigned int”截断
C:\Users\InputWindy\Desktop\MWDEngine_Rebuild\MWDSystem\MWDMemManager.h(326,1): warning C4312: “类型强制转换”: 从“unsigned int”转换到更大的“BYTE *”
C:\Users\InputWindy\Desktop\MWDEngine_Rebuild\MWDSystem\MWDMemManager.h(338,1): warning C4311: “类型强制转换”: 从“BYTE *”到“unsigned int”的指针截断
C:\Users\InputWindy\Desktop\MWDEngine_Rebuild\MWDSystem\MWDMemManager.h(338,1): warning C4302: “类型强制转换”: 从“BYTE *”到“unsigned int”截断
C:\Users\InputWindy\Desktop\MWDEngine_Rebuild\MWDSystem\MWDMemManager.h(338,1): warning C4312: “类型强制转换”: 从“unsigned int”转换到更大的“BYTE *”
C:\Users\InputWindy\Desktop\MWDEngine_Rebuild\MWDDataStruct\MWDContainer.h(5,1): warning C4005: “MWDDATASTRUCT_EXPORTS”: 宏重定义
C:\Users\InputWindy\Desktop\MWDEngine_Rebuild\MWDDataStruct\pch.cpp : message : 参见“MWDDATASTRUCT_EXPORTS”的前一个定义
  MWDString.cpp
C:\Users\InputWindy\Desktop\MWDEngine_Rebuild\MWDSystem\MWDSystem.h(39,1): warning C4067: 预处理器指令后有意外标记 - 应输入换行符
C:\Users\InputWindy\Desktop\MWDEngine_Rebuild\MWDSystem\MWDMemManager.h(220,1): warning C4311: “类型强制转换”: 从“MWDEngine::MWDHeapMemManager::FMem *”到“INT”的指针截断
C:\Users\InputWindy\Desktop\MWDEngine_Rebuild\MWDSystem\MWDMemManager.h(220,1): warning C4302: “类型强制转换”: 从“MWDEngine::MWDHeapMemManager::FMem *”到“INT”截断
C:\Users\InputWindy\Desktop\MWDEngine_Rebuild\MWDSystem\MWDMemManager.h(220,1): warning C4312: “类型强制转换”: 从“unsigned int”转换到更大的“MWDEngine::MWDHeapMemManager::FPool *”
C:\Users\InputWindy\Desktop\MWDEngine_Rebuild\MWDSystem\MWDMemManager.h(290,1): warning C4311: “类型强制转换”: 从“void *”到“INT”的指针截断
C:\Users\InputWindy\Desktop\MWDEngine_Rebuild\MWDSystem\MWDMemManager.h(290,1): warning C4302: “类型强制转换”: 从“void *”到“INT”截断
C:\Users\InputWindy\Desktop\MWDEngine_Rebuild\MWDSystem\MWDMemManager.h(290,1): warning C4312: “类型强制转换”: 从“unsigned int”转换到更大的“MWDEngine::MWDHeapMemManager::FPool *”
C:\Users\InputWindy\Desktop\MWDEngine_Rebuild\MWDSystem\MWDMemManager.h(326,1): warning C4311: “类型强制转换”: 从“BYTE *”到“unsigned int”的指针截断
C:\Users\InputWindy\Desktop\MWDEngine_Rebuild\MWDSystem\MWDMemManager.h(326,1): warning C4302: “类型强制转换”: 从“BYTE *”到“unsigned int”截断
C:\Users\InputWindy\Desktop\MWDEngine_Rebuild\MWDSystem\MWDMemManager.h(326,1): warning C4312: “类型强制转换”: 从“unsigned int”转换到更大的“BYTE *”
C:\Users\InputWindy\Desktop\MWDEngine_Rebuild\MWDSystem\MWDMemManager.h(338,1): warning C4311: “类型强制转换”: 从“BYTE *”到“unsigned int”的指针截断
C:\Users\InputWindy\Desktop\MWDEngine_Rebuild\MWDSystem\MWDMemManager.h(338,1): warning C4302: “类型强制转换”: 从“BYTE *”到“unsigned int”截断
C:\Users\InputWindy\Desktop\MWDEngine_Rebuild\MWDSystem\MWDMemManager.h(338,1): warning C4312: “类型强制转换”: 从“unsigned int”转换到更大的“BYTE *”
C:\Users\InputWindy\Desktop\MWDEngine_Rebuild\MWDDataStruct\MWDContainer.h(5,1): warning C4005: “MWDDATASTRUCT_EXPORTS”: 宏重定义
C:\Users\InputWindy\Desktop\MWDEngine_Rebuild\MWDDataStruct\pch.cpp : message : 参见“MWDDATASTRUCT_EXPORTS”的前一个定义
C:\Users\InputWindy\Desktop\MWDEngine_Rebuild\MWDDataStruct\MWDString.h(111,22): warning C4018: “<”: 有符号/无符号不匹配
C:\Users\InputWindy\Desktop\MWDEngine_Rebuild\MWDDataStruct\MWDString.h(569,1): warning C4267: “初始化”: 从“size_t”转换到“int”，可能丢失数据
C:\Users\InputWindy\Desktop\MWDEngine_Rebuild\MWDDataStruct\MWDString.h(577,1): warning C4267: “初始化”: 从“size_t”转换到“int”，可能丢失数据
  正在生成代码...
    正在创建库 C:\Users\InputWindy\Desktop\MWDEngine_Rebuild\x64\Debug\MWDDataStruct.lib 和对象 C:\Users\InputWindy\Desktop\MWDEngine_Rebuild\x64\Debug\MWDDataStruct.exp
  MWDDataStruct.vcxproj -> C:\Users\InputWindy\Desktop\MWDEngine_Rebuild\x64\Debug\MWDDataStruct.dll
