c:\users\inputwindy\desktop\再重构引擎\mwdengine\mwddatastruct\x64\debug\mwddatastruct.pch
c:\users\inputwindy\desktop\再重构引擎\mwdengine\mwddatastruct\x64\debug\vc142.pdb
c:\users\inputwindy\desktop\再重构引擎\mwdengine\mwddatastruct\x64\debug\vc142.idb
c:\users\inputwindy\desktop\再重构引擎\mwdengine\mwddatastruct\x64\debug\pch.obj
c:\users\inputwindy\desktop\再重构引擎\mwdengine\mwddatastruct\x64\debug\mwdstring.obj
c:\users\inputwindy\desktop\再重构引擎\mwdengine\mwddatastruct\x64\debug\mwdcontainer.obj
c:\users\inputwindy\desktop\再重构引擎\mwdengine\mwddatastruct\x64\debug\mwdbitarray.obj
c:\users\inputwindy\desktop\再重构引擎\mwdengine\mwddatastruct\x64\debug\mwdarray.obj
c:\users\inputwindy\desktop\再重构引擎\mwdengine\mwddatastruct\x64\debug\dllmain.obj
c:\users\inputwindy\desktop\再重构引擎\mwdengine\x64\debug\mwddatastruct.dll
c:\users\inputwindy\desktop\再重构引擎\mwdengine\mwddatastruct\x64\debug\mwddatastruct.ilk
c:\users\inputwindy\desktop\再重构引擎\mwdengine\x64\debug\mwddatastruct.pdb
c:\users\inputwindy\desktop\再重构引擎\mwdengine\x64\debug\mwddatastruct.lib
c:\users\inputwindy\desktop\再重构引擎\mwdengine\x64\debug\mwddatastruct.exp
c:\users\inputwindy\desktop\再重构引擎\mwdengine\mwddatastruct\x64\debug\mwddatastruct.tlog\cl.command.1.tlog
c:\users\inputwindy\desktop\再重构引擎\mwdengine\mwddatastruct\x64\debug\mwddatastruct.tlog\cl.read.1.tlog
c:\users\inputwindy\desktop\再重构引擎\mwdengine\mwddatastruct\x64\debug\mwddatastruct.tlog\cl.write.1.tlog
c:\users\inputwindy\desktop\再重构引擎\mwdengine\mwddatastruct\x64\debug\mwddatastruct.tlog\link.command.1.tlog
c:\users\inputwindy\desktop\再重构引擎\mwdengine\mwddatastruct\x64\debug\mwddatastruct.tlog\link.read.1.tlog
c:\users\inputwindy\desktop\再重构引擎\mwdengine\mwddatastruct\x64\debug\mwddatastruct.tlog\link.write.1.tlog
c:\users\inputwindy\desktop\再重构引擎\mwdengine\mwddatastruct\x64\debug\mwddatastruct.tlog\mwddatastruct.write.1u.tlog
