c:\users\inputwindy\desktop\再重构引擎\mwdengine\mwdapplication\x64\debug\vc142.pdb
c:\users\inputwindy\desktop\再重构引擎\mwdengine\mwdapplication\x64\debug\vc142.idb
c:\users\inputwindy\desktop\再重构引擎\mwdengine\mwdapplication\x64\debug\glad.obj
c:\users\inputwindy\desktop\再重构引擎\mwdengine\mwdapplication\x64\debug\mwdcomponent.obj
c:\users\inputwindy\desktop\再重构引擎\mwdengine\mwdapplication\x64\debug\mwdworld.obj
c:\users\inputwindy\desktop\再重构引擎\mwdengine\mwdapplication\x64\debug\mwdscene.obj
c:\users\inputwindy\desktop\再重构引擎\mwdengine\mwdapplication\x64\debug\mwdlightentity.obj
c:\users\inputwindy\desktop\再重构引擎\mwdengine\mwdapplication\x64\debug\mwdentity.obj
c:\users\inputwindy\desktop\再重构引擎\mwdengine\mwdapplication\x64\debug\mwdcamera.obj
c:\users\inputwindy\desktop\再重构引擎\mwdengine\mwdapplication\x64\debug\mwdrtti.obj
c:\users\inputwindy\desktop\再重构引擎\mwdengine\mwdapplication\x64\debug\mwdproperty.obj
c:\users\inputwindy\desktop\再重构引擎\mwdengine\mwdapplication\x64\debug\mwdpriority.obj
c:\users\inputwindy\desktop\再重构引擎\mwdengine\mwdapplication\x64\debug\mwdobject.obj
c:\users\inputwindy\desktop\再重构引擎\mwdengine\mwdapplication\x64\debug\mwdname.obj
c:\users\inputwindy\desktop\再重构引擎\mwdengine\mwdapplication\x64\debug\mwdmain.obj
c:\users\inputwindy\desktop\再重构引擎\mwdengine\mwdapplication\x64\debug\mwdgraphic.obj
c:\users\inputwindy\desktop\再重构引擎\mwdengine\mwdapplication\x64\debug\imgui_widgets.obj
c:\users\inputwindy\desktop\再重构引擎\mwdengine\mwdapplication\x64\debug\imgui_tables.obj
c:\users\inputwindy\desktop\再重构引擎\mwdengine\mwdapplication\x64\debug\imgui_impl_opengl3.obj
c:\users\inputwindy\desktop\再重构引擎\mwdengine\mwdapplication\x64\debug\imgui_impl_glfw.obj
c:\users\inputwindy\desktop\再重构引擎\mwdengine\mwdapplication\x64\debug\imgui_draw.obj
c:\users\inputwindy\desktop\再重构引擎\mwdengine\mwdapplication\x64\debug\imgui_demo.obj
c:\users\inputwindy\desktop\再重构引擎\mwdengine\mwdapplication\x64\debug\imgui.obj
c:\users\inputwindy\desktop\再重构引擎\mwdengine\mwdapplication\x64\debug\main.obj
c:\users\inputwindy\desktop\再重构引擎\mwdengine\mwdapplication\x64\debug\mwdvbo.obj
c:\users\inputwindy\desktop\再重构引擎\mwdengine\mwdapplication\x64\debug\mwdvao.obj
c:\users\inputwindy\desktop\再重构引擎\mwdengine\mwdapplication\x64\debug\mwdrbo.obj
c:\users\inputwindy\desktop\再重构引擎\mwdengine\mwdapplication\x64\debug\mwdopengltexture.obj
c:\users\inputwindy\desktop\再重构引擎\mwdengine\mwdapplication\x64\debug\mwdopenglshaderprogram.obj
c:\users\inputwindy\desktop\再重构引擎\mwdengine\mwdapplication\x64\debug\mwdopenglshader.obj
c:\users\inputwindy\desktop\再重构引擎\mwdengine\mwdapplication\x64\debug\mwdfbo.obj
c:\users\inputwindy\desktop\再重构引擎\mwdengine\mwdapplication\x64\debug\mwdebo.obj
c:\users\inputwindy\desktop\再重构引擎\mwdengine\mwdapplication\x64\debug\mwdbind.obj
c:\users\inputwindy\desktop\再重构引擎\mwdengine\mwdapplication\x64\debug\mwdtransform.obj
c:\users\inputwindy\desktop\再重构引擎\mwdengine\mwdapplication\x64\debug\mwdlight.obj
c:\users\inputwindy\desktop\再重构引擎\mwdengine\x64\debug\mwdapplication.exe
c:\users\inputwindy\desktop\再重构引擎\mwdengine\mwdapplication\x64\debug\mwdapplication.ilk
c:\users\inputwindy\desktop\再重构引擎\mwdengine\x64\debug\mwdapplication.pdb
c:\users\inputwindy\desktop\再重构引擎\mwdengine\x64\debug\mwdapplication.lib
c:\users\inputwindy\desktop\再重构引擎\mwdengine\x64\debug\mwdapplication.exp
c:\users\inputwindy\desktop\再重构引擎\mwdengine\mwdapplication\x64\debug\mwdapplication.tlog\cl.command.1.tlog
c:\users\inputwindy\desktop\再重构引擎\mwdengine\mwdapplication\x64\debug\mwdapplication.tlog\cl.read.1.tlog
c:\users\inputwindy\desktop\再重构引擎\mwdengine\mwdapplication\x64\debug\mwdapplication.tlog\cl.write.1.tlog
c:\users\inputwindy\desktop\再重构引擎\mwdengine\mwdapplication\x64\debug\mwdapplication.tlog\link.10512.delete.1.tlog
c:\users\inputwindy\desktop\再重构引擎\mwdengine\mwdapplication\x64\debug\mwdapplication.tlog\link.8724.delete.1.tlog
c:\users\inputwindy\desktop\再重构引擎\mwdengine\mwdapplication\x64\debug\mwdapplication.tlog\link.command.1.tlog
c:\users\inputwindy\desktop\再重构引擎\mwdengine\mwdapplication\x64\debug\mwdapplication.tlog\link.read.1.tlog
c:\users\inputwindy\desktop\再重构引擎\mwdengine\mwdapplication\x64\debug\mwdapplication.tlog\link.write.1.tlog
c:\users\inputwindy\desktop\再重构引擎\mwdengine\mwdapplication\x64\debug\mwdapplication.tlog\mwdapplication.write.1u.tlog
