  pch.cpp
  dllmain.cpp
  MWDMath.cpp
C:\Users\InputWindy\Desktop\MWDEngine_Rebuild\MWDSystem\MWDSystem.h(39,1): warning C4067: 预处理器指令后有意外标记 - 应输入换行符
C:\Users\InputWindy\Desktop\MWDEngine_Rebuild\MWDSystem\MWDMemManager.h(220,1): warning C4311: “类型强制转换”: 从“MWDEngine::MWDHeapMemManager::FMem *”到“INT”的指针截断
C:\Users\InputWindy\Desktop\MWDEngine_Rebuild\MWDSystem\MWDMemManager.h(220,1): warning C4302: “类型强制转换”: 从“MWDEngine::MWDHeapMemManager::FMem *”到“INT”截断
C:\Users\InputWindy\Desktop\MWDEngine_Rebuild\MWDSystem\MWDMemManager.h(220,1): warning C4312: “类型强制转换”: 从“unsigned int”转换到更大的“MWDEngine::MWDHeapMemManager::FPool *”
C:\Users\InputWindy\Desktop\MWDEngine_Rebuild\MWDSystem\MWDMemManager.h(290,1): warning C4311: “类型强制转换”: 从“void *”到“INT”的指针截断
C:\Users\InputWindy\Desktop\MWDEngine_Rebuild\MWDSystem\MWDMemManager.h(290,1): warning C4302: “类型强制转换”: 从“void *”到“INT”截断
C:\Users\InputWindy\Desktop\MWDEngine_Rebuild\MWDSystem\MWDMemManager.h(290,1): warning C4312: “类型强制转换”: 从“unsigned int”转换到更大的“MWDEngine::MWDHeapMemManager::FPool *”
C:\Users\InputWindy\Desktop\MWDEngine_Rebuild\MWDSystem\MWDMemManager.h(326,1): warning C4311: “类型强制转换”: 从“BYTE *”到“unsigned int”的指针截断
C:\Users\InputWindy\Desktop\MWDEngine_Rebuild\MWDSystem\MWDMemManager.h(326,1): warning C4302: “类型强制转换”: 从“BYTE *”到“unsigned int”截断
C:\Users\InputWindy\Desktop\MWDEngine_Rebuild\MWDSystem\MWDMemManager.h(326,1): warning C4312: “类型强制转换”: 从“unsigned int”转换到更大的“BYTE *”
C:\Users\InputWindy\Desktop\MWDEngine_Rebuild\MWDSystem\MWDMemManager.h(338,1): warning C4311: “类型强制转换”: 从“BYTE *”到“unsigned int”的指针截断
C:\Users\InputWindy\Desktop\MWDEngine_Rebuild\MWDSystem\MWDMemManager.h(338,1): warning C4302: “类型强制转换”: 从“BYTE *”到“unsigned int”截断
C:\Users\InputWindy\Desktop\MWDEngine_Rebuild\MWDSystem\MWDMemManager.h(338,1): warning C4312: “类型强制转换”: 从“unsigned int”转换到更大的“BYTE *”
C:\Users\InputWindy\Desktop\MWDEngine_Rebuild\MWDMath\MWDMath.h(17,1): warning C4005: “MWDMATH_EXPORTS”: 宏重定义
C:\Users\InputWindy\Desktop\MWDEngine_Rebuild\MWDMath\pch.cpp : message : 参见“MWDMATH_EXPORTS”的前一个定义
C:\Users\InputWindy\Desktop\MWDEngine_Rebuild\MWDMath\MWDMath.cpp(36,12): warning C5033: “register”不再为受支持的存储类
C:\Users\InputWindy\Desktop\MWDEngine_Rebuild\MWDMath\MWDMath.cpp(37,12): warning C5033: “register”不再为受支持的存储类
  正在生成代码...
    正在创建库 C:\Users\InputWindy\Desktop\MWDEngine_Rebuild\x64\Debug\MWDMath.lib 和对象 C:\Users\InputWindy\Desktop\MWDEngine_Rebuild\x64\Debug\MWDMath.exp
  MWDMath.vcxproj -> C:\Users\InputWindy\Desktop\MWDEngine_Rebuild\x64\Debug\MWDMath.dll
